<?xml version="1.0" encoding="UTF-8"?>
<testsuite name="ComputerRepairRequestTest" tests="2" skipped="0" failures="0" errors="0" timestamp="2023-03-06T09:19:15" hostname="DESKTOP-EV3ORF1" time="0.043">
  <properties/>
  <testcase name="First Test" classname="ComputerRepairRequestTest" time="0.039"/>
  <testcase name="Test Exemplu" classname="ComputerRepairRequestTest" time="0.002"/>
  <system-out><![CDATA[Test 1 start...
Test 1 done!
Test 2 start...
Test 2 done!
]]></system-out>
  <system-err><![CDATA[]]></system-err>
</testsuite>
